{\rtf1\ansi\ansicpg1252\cocoartf1038\cocoasubrtf350
{\fonttbl\f0\fswiss\fcharset0 Helvetica;\f1\fnil\fcharset0 Monaco;}
{\colortbl;\red255\green255\blue255;}
\margl1440\margr1440\vieww9000\viewh8400\viewkind0
\pard\tx720\tx1440\tx2160\tx2880\tx3600\tx4320\tx5040\tx5760\tx6480\tx7200\tx7920\tx8640\ql\qnatural\pardirnatural

\f0\fs24 \cf0 Students:\
\pard\pardeftab720

\f1\fs22 \cf0 Abey matches with Melissa with the score 60\
John matches with Jeff with the score 100\
Craig has no matches.\
\pard\tx720\tx1440\tx2160\tx2880\tx3600\tx4320\tx5040\tx5760\tx6480\tx7200\tx7920\tx8640\ql\qnatural\pardirnatural

\f0\fs24 \cf0 \
FullRoster:\
\pard\pardeftab720

\f1\fs22 \cf0 Abhay matches with Alexandra with the score 96\
Adam matches with Alan with the score 100\
Alexander matches with Alfred with the score 98\
Analisa matches with Andrea with the score 99\
Andrew matches with Daniel with the score 71\
Angelina matches with Antonietta Vicky with the score 92\
Arun Premnath matches with Kurt with the score 75\
Chih matches with Lifen with the score 73\
Colin has no matches.\
Cynthia matches with Kristina with the score 93\
Dalila matches with Dana Colleen with the score 85\
Kristal matches with Kristin Lunney with the score 91\
Lauren matches with Lien T. with the score 96}